<?xml version="1.0" encoding="UTF-8"?>
<testsuite name="kr.team.ticketing.core.domain.comment.CommentRepositoryTest" tests="1" skipped="0" failures="0" errors="0" timestamp="2020-03-08T12:56:55" hostname="Tripui-MacBookPro.local" time="0.628">
  <properties/>
  <testcase name="avgTest" classname="kr.team.ticketing.core.domain.comment.CommentRepositoryTest" time="0.628"/>
  <system-out><![CDATA[21:56:43.652 [Test worker] DEBUG org.springframework.test.context.junit4.SpringJUnit4ClassRunner - SpringJUnit4ClassRunner constructor called with [class kr.team.ticketing.core.domain.comment.CommentRepositoryTest]
21:56:43.661 [Test worker] DEBUG org.springframework.test.context.BootstrapUtils - Instantiating CacheAwareContextLoaderDelegate from class [org.springframework.test.context.cache.DefaultCacheAwareContextLoaderDelegate]
21:56:43.683 [Test worker] DEBUG org.springframework.test.context.BootstrapUtils - Instantiating BootstrapContext using constructor [public org.springframework.test.context.support.DefaultBootstrapContext(java.lang.Class,org.springframework.test.context.CacheAwareContextLoaderDelegate)]
21:56:43.718 [Test worker] DEBUG org.springframework.test.context.BootstrapUtils - Instantiating TestContextBootstrapper for test class [kr.team.ticketing.core.domain.comment.CommentRepositoryTest] from class [org.springframework.boot.test.context.SpringBootTestContextBootstrapper]
21:56:43.734 [Test worker] INFO org.springframework.boot.test.context.SpringBootTestContextBootstrapper - Neither @ContextConfiguration nor @ContextHierarchy found for test class [kr.team.ticketing.core.domain.comment.CommentRepositoryTest], using SpringBootContextLoader
21:56:43.737 [Test worker] DEBUG org.springframework.test.context.support.AbstractContextLoader - Did not detect default resource location for test class [kr.team.ticketing.core.domain.comment.CommentRepositoryTest]: class path resource [kr/team/ticketing/core/domain/comment/CommentRepositoryTest-context.xml] does not exist
21:56:43.738 [Test worker] DEBUG org.springframework.test.context.support.AbstractContextLoader - Did not detect default resource location for test class [kr.team.ticketing.core.domain.comment.CommentRepositoryTest]: class path resource [kr/team/ticketing/core/domain/comment/CommentRepositoryTestContext.groovy] does not exist
21:56:43.738 [Test worker] INFO org.springframework.test.context.support.AbstractContextLoader - Could not detect default resource locations for test class [kr.team.ticketing.core.domain.comment.CommentRepositoryTest]: no resource found for suffixes {-context.xml, Context.groovy}.
21:56:43.739 [Test worker] INFO org.springframework.test.context.support.AnnotationConfigContextLoaderUtils - Could not detect default configuration classes for test class [kr.team.ticketing.core.domain.comment.CommentRepositoryTest]: CommentRepositoryTest does not declare any static, non-private, non-final, nested classes annotated with @Configuration.
21:56:43.793 [Test worker] DEBUG org.springframework.test.context.support.ActiveProfilesUtils - Could not find an 'annotation declaring class' for annotation type [org.springframework.test.context.ActiveProfiles] and class [kr.team.ticketing.core.domain.comment.CommentRepositoryTest]
21:56:43.864 [Test worker] DEBUG org.springframework.context.annotation.ClassPathScanningCandidateComponentProvider - Identified candidate component class: file [/Users/voldemort/IdeaProjects/ticketing/build/classes/java/main/kr/team/ticketing/Application.class]
21:56:43.866 [Test worker] INFO org.springframework.boot.test.context.SpringBootTestContextBootstrapper - Found @SpringBootConfiguration kr.team.ticketing.Application for test class kr.team.ticketing.core.domain.comment.CommentRepositoryTest
21:56:43.939 [Test worker] DEBUG org.springframework.boot.test.context.SpringBootTestContextBootstrapper - @TestExecutionListeners is not present for class [kr.team.ticketing.core.domain.comment.CommentRepositoryTest]: using defaults.
21:56:43.940 [Test worker] INFO org.springframework.boot.test.context.SpringBootTestContextBootstrapper - Loaded default TestExecutionListener class names from location [META-INF/spring.factories]: [org.springframework.boot.test.autoconfigure.restdocs.RestDocsTestExecutionListener, org.springframework.boot.test.autoconfigure.web.client.MockRestServiceServerResetTestExecutionListener, org.springframework.boot.test.autoconfigure.web.servlet.MockMvcPrintOnlyOnFailureTestExecutionListener, org.springframework.boot.test.autoconfigure.web.servlet.WebDriverTestExecutionListener, org.springframework.boot.test.mock.mockito.MockitoTestExecutionListener, org.springframework.boot.test.mock.mockito.ResetMocksTestExecutionListener, org.springframework.test.context.web.ServletTestExecutionListener, org.springframework.test.context.support.DirtiesContextBeforeModesTestExecutionListener, org.springframework.test.context.support.DependencyInjectionTestExecutionListener, org.springframework.test.context.support.DirtiesContextTestExecutionListener, org.springframework.test.context.transaction.TransactionalTestExecutionListener, org.springframework.test.context.jdbc.SqlScriptsTestExecutionListener]
21:56:43.961 [Test worker] INFO org.springframework.boot.test.context.SpringBootTestContextBootstrapper - Using TestExecutionListeners: [org.springframework.test.context.web.ServletTestExecutionListener@47268ae9, org.springframework.test.context.support.DirtiesContextBeforeModesTestExecutionListener@3cc1e09, org.springframework.boot.test.mock.mockito.MockitoTestExecutionListener@30874f8d, org.springframework.boot.test.autoconfigure.SpringBootDependencyInjectionTestExecutionListener@34a62f3d, org.springframework.test.context.support.DirtiesContextTestExecutionListener@47248a82, org.springframework.test.context.transaction.TransactionalTestExecutionListener@247be839, org.springframework.test.context.jdbc.SqlScriptsTestExecutionListener@2e0a301c, org.springframework.boot.test.autoconfigure.restdocs.RestDocsTestExecutionListener@2b503d27, org.springframework.boot.test.autoconfigure.web.client.MockRestServiceServerResetTestExecutionListener@4843d255, org.springframework.boot.test.autoconfigure.web.servlet.MockMvcPrintOnlyOnFailureTestExecutionListener@3382c144, org.springframework.boot.test.autoconfigure.web.servlet.WebDriverTestExecutionListener@4cf78df8, org.springframework.boot.test.mock.mockito.ResetMocksTestExecutionListener@66e43844]
21:56:43.966 [Test worker] DEBUG org.springframework.test.annotation.ProfileValueUtils - Retrieved @ProfileValueSourceConfiguration [null] for test class [kr.team.ticketing.core.domain.comment.CommentRepositoryTest]
21:56:43.967 [Test worker] DEBUG org.springframework.test.annotation.ProfileValueUtils - Retrieved ProfileValueSource type [class org.springframework.test.annotation.SystemProfileValueSource] for class [kr.team.ticketing.core.domain.comment.CommentRepositoryTest]
21:56:43.969 [Test worker] DEBUG org.springframework.test.annotation.ProfileValueUtils - Retrieved @ProfileValueSourceConfiguration [null] for test class [kr.team.ticketing.core.domain.comment.CommentRepositoryTest]
21:56:43.970 [Test worker] DEBUG org.springframework.test.annotation.ProfileValueUtils - Retrieved ProfileValueSource type [class org.springframework.test.annotation.SystemProfileValueSource] for class [kr.team.ticketing.core.domain.comment.CommentRepositoryTest]
21:56:43.970 [Test worker] DEBUG org.springframework.test.annotation.ProfileValueUtils - Retrieved @ProfileValueSourceConfiguration [null] for test class [kr.team.ticketing.core.domain.comment.CommentRepositoryTest]
21:56:43.970 [Test worker] DEBUG org.springframework.test.annotation.ProfileValueUtils - Retrieved ProfileValueSource type [class org.springframework.test.annotation.SystemProfileValueSource] for class [kr.team.ticketing.core.domain.comment.CommentRepositoryTest]
21:56:43.973 [Test worker] DEBUG org.springframework.test.context.support.AbstractDirtiesContextTestExecutionListener - Before test class: context [DefaultTestContext@5f4d9bc9 testClass = CommentRepositoryTest, testInstance = [null], testMethod = [null], testException = [null], mergedContextConfiguration = [WebMergedContextConfiguration@2b0afc3a testClass = CommentRepositoryTest, locations = '{}', classes = '{class kr.team.ticketing.Application}', contextInitializerClasses = '[]', activeProfiles = '{}', propertySourceLocations = '{}', propertySourceProperties = '{org.springframework.boot.test.context.SpringBootTestContextBootstrapper=true}', contextCustomizers = set[org.springframework.boot.test.autoconfigure.properties.PropertyMappingContextCustomizer@0, org.springframework.boot.test.autoconfigure.web.servlet.WebDriverContextCustomizerFactory$Customizer@10ee3c6d, org.springframework.boot.test.context.filter.ExcludeFilterContextCustomizer@1f08be5e, org.springframework.boot.test.json.DuplicateJsonObjectContextCustomizerFactory$DuplicateJsonObjectContextCustomizer@29875c90, org.springframework.boot.test.mock.mockito.MockitoContextCustomizer@0, org.springframework.boot.test.web.client.TestRestTemplateContextCustomizer@713587f2], resourceBasePath = 'src/main/webapp', contextLoader = 'org.springframework.boot.test.context.SpringBootContextLoader', parent = [null]], attributes = map['org.springframework.test.context.web.ServletTestExecutionListener.activateListener' -> true]], class annotated with @DirtiesContext [false] with mode [null].
21:56:43.974 [Test worker] DEBUG org.springframework.test.annotation.ProfileValueUtils - Retrieved @ProfileValueSourceConfiguration [null] for test class [kr.team.ticketing.core.domain.comment.CommentRepositoryTest]
21:56:43.974 [Test worker] DEBUG org.springframework.test.annotation.ProfileValueUtils - Retrieved ProfileValueSource type [class org.springframework.test.annotation.SystemProfileValueSource] for class [kr.team.ticketing.core.domain.comment.CommentRepositoryTest]
21:56:43.993 [Test worker] DEBUG org.springframework.test.context.support.TestPropertySourceUtils - Adding inlined properties to environment: {spring.jmx.enabled=false, org.springframework.boot.test.context.SpringBootTestContextBootstrapper=true, server.port=-1}

  .   ____          _            __ _ _
 /\\ / ___'_ __ _ _(_)_ __  __ _ \ \ \ \
( ( )\___ | '_ | '_| | '_ \/ _` | \ \ \ \
 \\/  ___)| |_)| | | | | || (_| |  ) ) ) )
  '  |____| .__|_| |_|_| |_\__, | / / / /
 =========|_|==============|___/=/_/_/_/
 :: Spring Boot ::        (v2.1.9.RELEASE)

2020-03-08 21:56:44.577  INFO 4227 --- [    Test worker] k.t.t.c.d.comment.CommentRepositoryTest  : Starting CommentRepositoryTest on Tripui-MacBookPro.local with PID 4227 (started by voldemort in /Users/voldemort/IdeaProjects/ticketing)
2020-03-08 21:56:44.578  INFO 4227 --- [    Test worker] k.t.t.c.d.comment.CommentRepositoryTest  : The following profiles are active: oauth,local
2020-03-08 21:56:46.170  INFO 4227 --- [    Test worker] .s.d.r.c.RepositoryConfigurationDelegate : Bootstrapping Spring Data repositories in DEFAULT mode.
2020-03-08 21:56:46.411  INFO 4227 --- [    Test worker] .s.d.r.c.RepositoryConfigurationDelegate : Finished Spring Data repository scanning in 210ms. Found 6 repository interfaces.
2020-03-08 21:56:47.789  INFO 4227 --- [    Test worker] trationDelegate$BeanPostProcessorChecker : Bean 'org.springframework.transaction.annotation.ProxyTransactionManagementConfiguration' of type [org.springframework.transaction.annotation.ProxyTransactionManagementConfiguration$$EnhancerBySpringCGLIB$$9a0aab98] is not eligible for getting processed by all BeanPostProcessors (for example: not eligible for auto-proxying)
2020-03-08 21:56:47.987  INFO 4227 --- [    Test worker] trationDelegate$BeanPostProcessorChecker : Bean 'org.springframework.security.config.annotation.configuration.ObjectPostProcessorConfiguration' of type [org.springframework.security.config.annotation.configuration.ObjectPostProcessorConfiguration$$EnhancerBySpringCGLIB$$32b873d2] is not eligible for getting processed by all BeanPostProcessors (for example: not eligible for auto-proxying)
2020-03-08 21:56:47.997  INFO 4227 --- [    Test worker] trationDelegate$BeanPostProcessorChecker : Bean 'objectPostProcessor' of type [org.springframework.security.config.annotation.configuration.AutowireBeanFactoryObjectPostProcessor] is not eligible for getting processed by all BeanPostProcessors (for example: not eligible for auto-proxying)
2020-03-08 21:56:48.006  INFO 4227 --- [    Test worker] trationDelegate$BeanPostProcessorChecker : Bean 'org.springframework.security.access.expression.method.DefaultMethodSecurityExpressionHandler@28ec1e0e' of type [org.springframework.security.access.expression.method.DefaultMethodSecurityExpressionHandler] is not eligible for getting processed by all BeanPostProcessors (for example: not eligible for auto-proxying)
2020-03-08 21:56:48.014  INFO 4227 --- [    Test worker] trationDelegate$BeanPostProcessorChecker : Bean 'org.springframework.security.config.annotation.method.configuration.GlobalMethodSecurityConfiguration' of type [org.springframework.security.config.annotation.method.configuration.GlobalMethodSecurityConfiguration$$EnhancerBySpringCGLIB$$578d1684] is not eligible for getting processed by all BeanPostProcessors (for example: not eligible for auto-proxying)
2020-03-08 21:56:48.027  INFO 4227 --- [    Test worker] trationDelegate$BeanPostProcessorChecker : Bean 'methodSecurityMetadataSource' of type [org.springframework.security.access.method.DelegatingMethodSecurityMetadataSource] is not eligible for getting processed by all BeanPostProcessors (for example: not eligible for auto-proxying)
2020-03-08 21:56:48.437  INFO 4227 --- [    Test worker] com.zaxxer.hikari.HikariDataSource       : HikariPool-1 - Starting...
2020-03-08 21:56:49.157  INFO 4227 --- [    Test worker] com.zaxxer.hikari.HikariDataSource       : HikariPool-1 - Start completed.
2020-03-08 21:56:49.377  INFO 4227 --- [    Test worker] o.hibernate.jpa.internal.util.LogHelper  : HHH000204: Processing PersistenceUnitInfo [
	name: default
	...]
2020-03-08 21:56:49.534  INFO 4227 --- [    Test worker] org.hibernate.Version                    : HHH000412: Hibernate Core {5.3.12.Final}
2020-03-08 21:56:49.536  INFO 4227 --- [    Test worker] org.hibernate.cfg.Environment            : HHH000206: hibernate.properties not found
2020-03-08 21:56:49.922  INFO 4227 --- [    Test worker] o.hibernate.annotations.common.Version   : HCANN000001: Hibernate Commons Annotations {5.0.4.Final}
2020-03-08 21:56:50.325  INFO 4227 --- [    Test worker] org.hibernate.dialect.Dialect            : HHH000400: Using dialect: org.hibernate.dialect.MySQL5InnoDBDialect
2020-03-08 21:56:50.939  WARN 4227 --- [    Test worker] o.h.t.d.java.JavaTypeDescriptorRegistry  : HHH000481: Encountered Java type [class kr.team.ticketing.core.domain.generic.money.Ratio] for which we could not locate a JavaTypeDescriptor and which does not appear to implement equals and/or hashCode.  This can lead to significant performance problems when performing equality/dirty checking involving this Java type.  Consider registering a custom JavaTypeDescriptor or at least implementing equals/hashCode.
2020-03-08 21:56:52.384  INFO 4227 --- [    Test worker] j.LocalContainerEntityManagerFactoryBean : Initialized JPA EntityManagerFactory for persistence unit 'default'
2020-03-08 21:56:53.157 DEBUG 4227 --- [    Test worker] org.hibernate.SQL                        : insert into comments (created_date, modified_date, grade, product_id, review) values (?, ?, ?, ?, ?)
2020-03-08 21:56:53.169  INFO 4227 --- [    Test worker] p6spy                                    : #1583672213169 | took 3ms | statement | connection 3| url jdbc:mysql://localhost:3306/ticketing?serverTimezone=Asia/Seoul&characterEncoding=UTF-8
insert into comments (created_date, modified_date, grade, product_id, review) values (?, ?, ?, ?, ?)
insert into comments (created_date, modified_date, grade, product_id, review) values ('2020-03-08T21:56:53.141+0900', '2020-03-08T21:56:53.141+0900', 3, 1, 'ㅂㅈㄷㅂㅈㄷㅂㅈㄷㅂㅈㄷㅁㄴㅇㅁㄴㅇㅁㄴㅇ');
2020-03-08 21:56:53.178 DEBUG 4227 --- [    Test worker] org.hibernate.SQL                        : insert into comments (created_date, modified_date, grade, product_id, review) values (?, ?, ?, ?, ?)
2020-03-08 21:56:53.181  INFO 4227 --- [    Test worker] p6spy                                    : #1583672213181 | took 0ms | statement | connection 3| url jdbc:mysql://localhost:3306/ticketing?serverTimezone=Asia/Seoul&characterEncoding=UTF-8
insert into comments (created_date, modified_date, grade, product_id, review) values (?, ?, ?, ?, ?)
insert into comments (created_date, modified_date, grade, product_id, review) values ('2020-03-08T21:56:53.178+0900', '2020-03-08T21:56:53.178+0900', 3, 1, 'ㅂㅈㄷㅂㅈㄷㅂㅈㄷㅂㅈㄷㅁㄴㅇㅁㄴㅇㅁㄴㅇ');
2020-03-08 21:56:53.183 DEBUG 4227 --- [    Test worker] org.hibernate.SQL                        : insert into comments (created_date, modified_date, grade, product_id, review) values (?, ?, ?, ?, ?)
2020-03-08 21:56:53.184  INFO 4227 --- [    Test worker] p6spy                                    : #1583672213184 | took 0ms | statement | connection 3| url jdbc:mysql://localhost:3306/ticketing?serverTimezone=Asia/Seoul&characterEncoding=UTF-8
insert into comments (created_date, modified_date, grade, product_id, review) values (?, ?, ?, ?, ?)
insert into comments (created_date, modified_date, grade, product_id, review) values ('2020-03-08T21:56:53.182+0900', '2020-03-08T21:56:53.182+0900', 3, 1, 'ㅂㅈㄷㅂㅈㄷㅂㅈㄷㅂㅈㄷㅁㄴㅇㅁㄴㅇㅁㄴㅇ');
2020-03-08 21:56:53.188 DEBUG 4227 --- [    Test worker] org.hibernate.SQL                        : insert into comments (created_date, modified_date, grade, product_id, review) values (?, ?, ?, ?, ?)
2020-03-08 21:56:53.189  INFO 4227 --- [    Test worker] p6spy                                    : #1583672213189 | took 0ms | statement | connection 3| url jdbc:mysql://localhost:3306/ticketing?serverTimezone=Asia/Seoul&characterEncoding=UTF-8
insert into comments (created_date, modified_date, grade, product_id, review) values (?, ?, ?, ?, ?)
insert into comments (created_date, modified_date, grade, product_id, review) values ('2020-03-08T21:56:53.187+0900', '2020-03-08T21:56:53.187+0900', 3, 1, 'ㅂㅈㄷㅂㅈㄷㅂㅈㄷㅂㅈㄷㅁㄴㅇㅁㄴㅇㅁㄴㅇ');
2020-03-08 21:56:53.191 DEBUG 4227 --- [    Test worker] org.hibernate.SQL                        : insert into comments (created_date, modified_date, grade, product_id, review) values (?, ?, ?, ?, ?)
2020-03-08 21:56:53.193  INFO 4227 --- [    Test worker] p6spy                                    : #1583672213193 | took 0ms | statement | connection 3| url jdbc:mysql://localhost:3306/ticketing?serverTimezone=Asia/Seoul&characterEncoding=UTF-8
insert into comments (created_date, modified_date, grade, product_id, review) values (?, ?, ?, ?, ?)
insert into comments (created_date, modified_date, grade, product_id, review) values ('2020-03-08T21:56:53.191+0900', '2020-03-08T21:56:53.191+0900', 3, 1, 'ㅂㅈㄷㅂㅈㄷㅂㅈㄷㅂㅈㄷㅁㄴㅇㅁㄴㅇㅁㄴㅇ');
2020-03-08 21:56:53.195 DEBUG 4227 --- [    Test worker] org.hibernate.SQL                        : insert into comments (created_date, modified_date, grade, product_id, review) values (?, ?, ?, ?, ?)
2020-03-08 21:56:53.196  INFO 4227 --- [    Test worker] p6spy                                    : #1583672213196 | took 0ms | statement | connection 3| url jdbc:mysql://localhost:3306/ticketing?serverTimezone=Asia/Seoul&characterEncoding=UTF-8
insert into comments (created_date, modified_date, grade, product_id, review) values (?, ?, ?, ?, ?)
insert into comments (created_date, modified_date, grade, product_id, review) values ('2020-03-08T21:56:53.194+0900', '2020-03-08T21:56:53.194+0900', 3, 1, 'ㅂㅈㄷㅂㅈㄷㅂㅈㄷㅂㅈㄷㅁㄴㅇㅁㄴㅇㅁㄴㅇ');
2020-03-08 21:56:53.198 DEBUG 4227 --- [    Test worker] org.hibernate.SQL                        : insert into comments (created_date, modified_date, grade, product_id, review) values (?, ?, ?, ?, ?)
2020-03-08 21:56:53.199  INFO 4227 --- [    Test worker] p6spy                                    : #1583672213199 | took 0ms | statement | connection 3| url jdbc:mysql://localhost:3306/ticketing?serverTimezone=Asia/Seoul&characterEncoding=UTF-8
insert into comments (created_date, modified_date, grade, product_id, review) values (?, ?, ?, ?, ?)
insert into comments (created_date, modified_date, grade, product_id, review) values ('2020-03-08T21:56:53.198+0900', '2020-03-08T21:56:53.198+0900', 3, 1, 'ㅂㅈㄷㅂㅈㄷㅂㅈㄷㅂㅈㄷㅁㄴㅇㅁㄴㅇㅁㄴㅇ');
2020-03-08 21:56:53.201 DEBUG 4227 --- [    Test worker] org.hibernate.SQL                        : insert into comments (created_date, modified_date, grade, product_id, review) values (?, ?, ?, ?, ?)
2020-03-08 21:56:53.203  INFO 4227 --- [    Test worker] p6spy                                    : #1583672213203 | took 0ms | statement | connection 3| url jdbc:mysql://localhost:3306/ticketing?serverTimezone=Asia/Seoul&characterEncoding=UTF-8
insert into comments (created_date, modified_date, grade, product_id, review) values (?, ?, ?, ?, ?)
insert into comments (created_date, modified_date, grade, product_id, review) values ('2020-03-08T21:56:53.201+0900', '2020-03-08T21:56:53.201+0900', 3, 1, 'ㅂㅈㄷㅂㅈㄷㅂㅈㄷㅂㅈㄷㅁㄴㅇㅁㄴㅇㅁㄴㅇ');
2020-03-08 21:56:53.205 DEBUG 4227 --- [    Test worker] org.hibernate.SQL                        : insert into comments (created_date, modified_date, grade, product_id, review) values (?, ?, ?, ?, ?)
2020-03-08 21:56:53.206  INFO 4227 --- [    Test worker] p6spy                                    : #1583672213206 | took 0ms | statement | connection 3| url jdbc:mysql://localhost:3306/ticketing?serverTimezone=Asia/Seoul&characterEncoding=UTF-8
insert into comments (created_date, modified_date, grade, product_id, review) values (?, ?, ?, ?, ?)
insert into comments (created_date, modified_date, grade, product_id, review) values ('2020-03-08T21:56:53.204+0900', '2020-03-08T21:56:53.204+0900', 3, 1, 'ㅂㅈㄷㅂㅈㄷㅂㅈㄷㅂㅈㄷㅁㄴㅇㅁㄴㅇㅁㄴㅇ');
2020-03-08 21:56:53.208 DEBUG 4227 --- [    Test worker] org.hibernate.SQL                        : insert into comments (created_date, modified_date, grade, product_id, review) values (?, ?, ?, ?, ?)
2020-03-08 21:56:53.210  INFO 4227 --- [    Test worker] p6spy                                    : #1583672213210 | took 0ms | statement | connection 3| url jdbc:mysql://localhost:3306/ticketing?serverTimezone=Asia/Seoul&characterEncoding=UTF-8
insert into comments (created_date, modified_date, grade, product_id, review) values (?, ?, ?, ?, ?)
insert into comments (created_date, modified_date, grade, product_id, review) values ('2020-03-08T21:56:53.208+0900', '2020-03-08T21:56:53.208+0900', 3, 1, 'ㅂㅈㄷㅂㅈㄷㅂㅈㄷㅂㅈㄷㅁㄴㅇㅁㄴㅇㅁㄴㅇ');
2020-03-08 21:56:53.212 DEBUG 4227 --- [    Test worker] org.hibernate.SQL                        : insert into comments (created_date, modified_date, grade, product_id, review) values (?, ?, ?, ?, ?)
2020-03-08 21:56:53.216  INFO 4227 --- [    Test worker] p6spy                                    : #1583672213216 | took 2ms | statement | connection 3| url jdbc:mysql://localhost:3306/ticketing?serverTimezone=Asia/Seoul&characterEncoding=UTF-8
insert into comments (created_date, modified_date, grade, product_id, review) values (?, ?, ?, ?, ?)
insert into comments (created_date, modified_date, grade, product_id, review) values ('2020-03-08T21:56:53.212+0900', '2020-03-08T21:56:53.212+0900', 3, 1, 'ㅂㅈㄷㅂㅈㄷㅂㅈㄷㅂㅈㄷㅁㄴㅇㅁㄴㅇㅁㄴㅇ');
2020-03-08 21:56:53.218 DEBUG 4227 --- [    Test worker] org.hibernate.SQL                        : insert into comments (created_date, modified_date, grade, product_id, review) values (?, ?, ?, ?, ?)
2020-03-08 21:56:53.225  INFO 4227 --- [    Test worker] p6spy                                    : #1583672213225 | took 5ms | statement | connection 3| url jdbc:mysql://localhost:3306/ticketing?serverTimezone=Asia/Seoul&characterEncoding=UTF-8
insert into comments (created_date, modified_date, grade, product_id, review) values (?, ?, ?, ?, ?)
insert into comments (created_date, modified_date, grade, product_id, review) values ('2020-03-08T21:56:53.218+0900', '2020-03-08T21:56:53.218+0900', 3, 1, 'ㅂㅈㄷㅂㅈㄷㅂㅈㄷㅂㅈㄷㅁㄴㅇㅁㄴㅇㅁㄴㅇ');
2020-03-08 21:56:53.228 DEBUG 4227 --- [    Test worker] org.hibernate.SQL                        : insert into comments (created_date, modified_date, grade, product_id, review) values (?, ?, ?, ?, ?)
2020-03-08 21:56:53.236  INFO 4227 --- [    Test worker] p6spy                                    : #1583672213236 | took 7ms | statement | connection 3| url jdbc:mysql://localhost:3306/ticketing?serverTimezone=Asia/Seoul&characterEncoding=UTF-8
insert into comments (created_date, modified_date, grade, product_id, review) values (?, ?, ?, ?, ?)
insert into comments (created_date, modified_date, grade, product_id, review) values ('2020-03-08T21:56:53.228+0900', '2020-03-08T21:56:53.228+0900', 3, 1, 'ㅂㅈㄷㅂㅈㄷㅂㅈㄷㅂㅈㄷㅁㄴㅇㅁㄴㅇㅁㄴㅇ');
2020-03-08 21:56:53.242 DEBUG 4227 --- [    Test worker] org.hibernate.SQL                        : insert into comments (created_date, modified_date, grade, product_id, review) values (?, ?, ?, ?, ?)
2020-03-08 21:56:53.245  INFO 4227 --- [    Test worker] p6spy                                    : #1583672213245 | took 0ms | statement | connection 3| url jdbc:mysql://localhost:3306/ticketing?serverTimezone=Asia/Seoul&characterEncoding=UTF-8
insert into comments (created_date, modified_date, grade, product_id, review) values (?, ?, ?, ?, ?)
insert into comments (created_date, modified_date, grade, product_id, review) values ('2020-03-08T21:56:53.241+0900', '2020-03-08T21:56:53.241+0900', 3, 1, 'ㅂㅈㄷㅂㅈㄷㅂㅈㄷㅂㅈㄷㅁㄴㅇㅁㄴㅇㅁㄴㅇ');
2020-03-08 21:56:53.248 DEBUG 4227 --- [    Test worker] org.hibernate.SQL                        : insert into comments (created_date, modified_date, grade, product_id, review) values (?, ?, ?, ?, ?)
2020-03-08 21:56:53.249  INFO 4227 --- [    Test worker] p6spy                                    : #1583672213249 | took 0ms | statement | connection 3| url jdbc:mysql://localhost:3306/ticketing?serverTimezone=Asia/Seoul&characterEncoding=UTF-8
insert into comments (created_date, modified_date, grade, product_id, review) values (?, ?, ?, ?, ?)
insert into comments (created_date, modified_date, grade, product_id, review) values ('2020-03-08T21:56:53.247+0900', '2020-03-08T21:56:53.247+0900', 3, 1, 'ㅂㅈㄷㅂㅈㄷㅂㅈㄷㅂㅈㄷㅁㄴㅇㅁㄴㅇㅁㄴㅇ');
2020-03-08 21:56:53.253 DEBUG 4227 --- [    Test worker] org.hibernate.SQL                        : insert into comments (created_date, modified_date, grade, product_id, review) values (?, ?, ?, ?, ?)
2020-03-08 21:56:53.254  INFO 4227 --- [    Test worker] p6spy                                    : #1583672213254 | took 0ms | statement | connection 3| url jdbc:mysql://localhost:3306/ticketing?serverTimezone=Asia/Seoul&characterEncoding=UTF-8
insert into comments (created_date, modified_date, grade, product_id, review) values (?, ?, ?, ?, ?)
insert into comments (created_date, modified_date, grade, product_id, review) values ('2020-03-08T21:56:53.252+0900', '2020-03-08T21:56:53.252+0900', 3, 1, 'ㅂㅈㄷㅂㅈㄷㅂㅈㄷㅂㅈㄷㅁㄴㅇㅁㄴㅇㅁㄴㅇ');
2020-03-08 21:56:53.259 DEBUG 4227 --- [    Test worker] org.hibernate.SQL                        : insert into comments (created_date, modified_date, grade, product_id, review) values (?, ?, ?, ?, ?)
2020-03-08 21:56:53.261  INFO 4227 --- [    Test worker] p6spy                                    : #1583672213261 | took 0ms | statement | connection 3| url jdbc:mysql://localhost:3306/ticketing?serverTimezone=Asia/Seoul&characterEncoding=UTF-8
insert into comments (created_date, modified_date, grade, product_id, review) values (?, ?, ?, ?, ?)
insert into comments (created_date, modified_date, grade, product_id, review) values ('2020-03-08T21:56:53.258+0900', '2020-03-08T21:56:53.258+0900', 3, 1, 'ㅂㅈㄷㅂㅈㄷㅂㅈㄷㅂㅈㄷㅁㄴㅇㅁㄴㅇㅁㄴㅇ');
2020-03-08 21:56:53.266 DEBUG 4227 --- [    Test worker] org.hibernate.SQL                        : insert into comments (created_date, modified_date, grade, product_id, review) values (?, ?, ?, ?, ?)
2020-03-08 21:56:53.268  INFO 4227 --- [    Test worker] p6spy                                    : #1583672213268 | took 0ms | statement | connection 3| url jdbc:mysql://localhost:3306/ticketing?serverTimezone=Asia/Seoul&characterEncoding=UTF-8
insert into comments (created_date, modified_date, grade, product_id, review) values (?, ?, ?, ?, ?)
insert into comments (created_date, modified_date, grade, product_id, review) values ('2020-03-08T21:56:53.266+0900', '2020-03-08T21:56:53.266+0900', 3, 1, 'ㅂㅈㄷㅂㅈㄷㅂㅈㄷㅂㅈㄷㅁㄴㅇㅁㄴㅇㅁㄴㅇ');
2020-03-08 21:56:53.269 DEBUG 4227 --- [    Test worker] org.hibernate.SQL                        : insert into comments (created_date, modified_date, grade, product_id, review) values (?, ?, ?, ?, ?)
2020-03-08 21:56:53.273  INFO 4227 --- [    Test worker] p6spy                                    : #1583672213273 | took 0ms | statement | connection 3| url jdbc:mysql://localhost:3306/ticketing?serverTimezone=Asia/Seoul&characterEncoding=UTF-8
insert into comments (created_date, modified_date, grade, product_id, review) values (?, ?, ?, ?, ?)
insert into comments (created_date, modified_date, grade, product_id, review) values ('2020-03-08T21:56:53.269+0900', '2020-03-08T21:56:53.269+0900', 3, 1, 'ㅂㅈㄷㅂㅈㄷㅂㅈㄷㅂㅈㄷㅁㄴㅇㅁㄴㅇㅁㄴㅇ');
2020-03-08 21:56:53.277 DEBUG 4227 --- [    Test worker] org.hibernate.SQL                        : insert into comments (created_date, modified_date, grade, product_id, review) values (?, ?, ?, ?, ?)
2020-03-08 21:56:53.278  INFO 4227 --- [    Test worker] p6spy                                    : #1583672213278 | took 0ms | statement | connection 3| url jdbc:mysql://localhost:3306/ticketing?serverTimezone=Asia/Seoul&characterEncoding=UTF-8
insert into comments (created_date, modified_date, grade, product_id, review) values (?, ?, ?, ?, ?)
insert into comments (created_date, modified_date, grade, product_id, review) values ('2020-03-08T21:56:53.276+0900', '2020-03-08T21:56:53.276+0900', 3, 1, 'ㅂㅈㄷㅂㅈㄷㅂㅈㄷㅂㅈㄷㅁㄴㅇㅁㄴㅇㅁㄴㅇ');
2020-03-08 21:56:53.290  INFO 4227 --- [    Test worker] p6spy                                    : #1583672213290 | took 4ms | commit | connection 3| url jdbc:mysql://localhost:3306/ticketing?serverTimezone=Asia/Seoul&characterEncoding=UTF-8

;
2020-03-08 21:56:53.950  INFO 4227 --- [    Test worker] o.s.s.web.DefaultSecurityFilterChain     : Creating filter chain: any request, [org.springframework.security.web.context.request.async.WebAsyncManagerIntegrationFilter@41d1026d, org.springframework.security.web.context.SecurityContextPersistenceFilter@521558cb, org.springframework.security.web.header.HeaderWriterFilter@27ae599c, org.springframework.security.web.authentication.logout.LogoutFilter@1e08b822, org.springframework.security.oauth2.client.web.OAuth2AuthorizationRequestRedirectFilter@7e869355, org.springframework.security.oauth2.client.web.OAuth2LoginAuthenticationFilter@e01d2fb, org.springframework.security.web.authentication.ui.DefaultLoginPageGeneratingFilter@6374c8b4, org.springframework.security.web.authentication.ui.DefaultLogoutPageGeneratingFilter@3162e4d8, org.springframework.security.web.savedrequest.RequestCacheAwareFilter@222f109c, org.springframework.security.web.servletapi.SecurityContextHolderAwareRequestFilter@2bae781a, org.springframework.security.web.authentication.AnonymousAuthenticationFilter@39c6396e, org.springframework.security.web.session.SessionManagementFilter@7a973693, org.springframework.security.web.access.ExceptionTranslationFilter@24e05706, org.springframework.security.web.access.intercept.FilterSecurityInterceptor@3f395a73]
2020-03-08 21:56:54.523  INFO 4227 --- [    Test worker] o.s.s.concurrent.ThreadPoolTaskExecutor  : Initializing ExecutorService 'applicationTaskExecutor'
2020-03-08 21:56:54.583  WARN 4227 --- [    Test worker] aWebConfiguration$JpaWebMvcConfiguration : spring.jpa.open-in-view is enabled by default. Therefore, database queries may be performed during view rendering. Explicitly configure spring.jpa.open-in-view to disable this warning
2020-03-08 21:56:54.668  INFO 4227 --- [    Test worker] o.s.b.a.w.s.WelcomePageHandlerMapping    : Adding welcome page template: index
2020-03-08 21:56:55.093  INFO 4227 --- [    Test worker] p6spy                                    : #1583672215093 | took 19ms | statement | connection 6| url jdbc:mysql://localhost:3306/ticketing?serverTimezone=Asia/Seoul&characterEncoding=UTF-8
CREATE TABLE SPRING_SESSION ( PRIMARY_ID CHAR(36) NOT NULL, SESSION_ID CHAR(36) NOT NULL, CREATION_TIME BIGINT NOT NULL, LAST_ACCESS_TIME BIGINT NOT NULL, MAX_INACTIVE_INTERVAL INT NOT NULL, EXPIRY_TIME BIGINT NOT NULL, PRINCIPAL_NAME VARCHAR(100), CONSTRAINT SPRING_SESSION_PK PRIMARY KEY (PRIMARY_ID) ) ENGINE=InnoDB ROW_FORMAT=DYNAMIC
CREATE TABLE SPRING_SESSION ( PRIMARY_ID CHAR(36) NOT NULL, SESSION_ID CHAR(36) NOT NULL, CREATION_TIME BIGINT NOT NULL, LAST_ACCESS_TIME BIGINT NOT NULL, MAX_INACTIVE_INTERVAL INT NOT NULL, EXPIRY_TIME BIGINT NOT NULL, PRINCIPAL_NAME VARCHAR(100), CONSTRAINT SPRING_SESSION_PK PRIMARY KEY (PRIMARY_ID) ) ENGINE=InnoDB ROW_FORMAT=DYNAMIC;
2020-03-08 21:56:55.097  INFO 4227 --- [    Test worker] p6spy                                    : #1583672215097 | took 4ms | statement | connection 6| url jdbc:mysql://localhost:3306/ticketing?serverTimezone=Asia/Seoul&characterEncoding=UTF-8
CREATE UNIQUE INDEX SPRING_SESSION_IX1 ON SPRING_SESSION (SESSION_ID)
CREATE UNIQUE INDEX SPRING_SESSION_IX1 ON SPRING_SESSION (SESSION_ID);
2020-03-08 21:56:55.099  INFO 4227 --- [    Test worker] p6spy                                    : #1583672215099 | took 1ms | statement | connection 6| url jdbc:mysql://localhost:3306/ticketing?serverTimezone=Asia/Seoul&characterEncoding=UTF-8
CREATE INDEX SPRING_SESSION_IX2 ON SPRING_SESSION (EXPIRY_TIME)
CREATE INDEX SPRING_SESSION_IX2 ON SPRING_SESSION (EXPIRY_TIME);
2020-03-08 21:56:55.101  INFO 4227 --- [    Test worker] p6spy                                    : #1583672215101 | took 1ms | statement | connection 6| url jdbc:mysql://localhost:3306/ticketing?serverTimezone=Asia/Seoul&characterEncoding=UTF-8
CREATE INDEX SPRING_SESSION_IX3 ON SPRING_SESSION (PRINCIPAL_NAME)
CREATE INDEX SPRING_SESSION_IX3 ON SPRING_SESSION (PRINCIPAL_NAME);
2020-03-08 21:56:55.103  INFO 4227 --- [    Test worker] p6spy                                    : #1583672215103 | took 1ms | statement | connection 6| url jdbc:mysql://localhost:3306/ticketing?serverTimezone=Asia/Seoul&characterEncoding=UTF-8
CREATE TABLE SPRING_SESSION_ATTRIBUTES ( SESSION_PRIMARY_ID CHAR(36) NOT NULL, ATTRIBUTE_NAME VARCHAR(200) NOT NULL, ATTRIBUTE_BYTES BLOB NOT NULL, CONSTRAINT SPRING_SESSION_ATTRIBUTES_PK PRIMARY KEY (SESSION_PRIMARY_ID, ATTRIBUTE_NAME), CONSTRAINT SPRING_SESSION_ATTRIBUTES_FK FOREIGN KEY (SESSION_PRIMARY_ID) REFERENCES SPRING_SESSION(PRIMARY_ID) ON DELETE CASCADE ) ENGINE=InnoDB ROW_FORMAT=DYNAMIC
CREATE TABLE SPRING_SESSION_ATTRIBUTES ( SESSION_PRIMARY_ID CHAR(36) NOT NULL, ATTRIBUTE_NAME VARCHAR(200) NOT NULL, ATTRIBUTE_BYTES BLOB NOT NULL, CONSTRAINT SPRING_SESSION_ATTRIBUTES_PK PRIMARY KEY (SESSION_PRIMARY_ID, ATTRIBUTE_NAME), CONSTRAINT SPRING_SESSION_ATTRIBUTES_FK FOREIGN KEY (SESSION_PRIMARY_ID) REFERENCES SPRING_SESSION(PRIMARY_ID) ON DELETE CASCADE ) ENGINE=InnoDB ROW_FORMAT=DYNAMIC;
2020-03-08 21:56:55.216  INFO 4227 --- [    Test worker] s.a.ScheduledAnnotationBeanPostProcessor : No TaskScheduler/ScheduledExecutorService bean found for scheduled processing
2020-03-08 21:56:55.226  INFO 4227 --- [    Test worker] k.t.t.c.d.comment.CommentRepositoryTest  : Started CommentRepositoryTest in 11.225 seconds (JVM running for 12.282)
2020-03-08 21:56:55.251  INFO 4227 --- [    Test worker] o.s.t.c.transaction.TransactionContext   : Began transaction (1) for test context [DefaultTestContext@5f4d9bc9 testClass = CommentRepositoryTest, testInstance = kr.team.ticketing.core.domain.comment.CommentRepositoryTest@6367619b, testMethod = avgTest@CommentRepositoryTest, testException = [null], mergedContextConfiguration = [WebMergedContextConfiguration@2b0afc3a testClass = CommentRepositoryTest, locations = '{}', classes = '{class kr.team.ticketing.Application}', contextInitializerClasses = '[]', activeProfiles = '{}', propertySourceLocations = '{}', propertySourceProperties = '{org.springframework.boot.test.context.SpringBootTestContextBootstrapper=true}', contextCustomizers = set[org.springframework.boot.test.autoconfigure.properties.PropertyMappingContextCustomizer@0, org.springframework.boot.test.autoconfigure.web.servlet.WebDriverContextCustomizerFactory$Customizer@10ee3c6d, org.springframework.boot.test.context.filter.ExcludeFilterContextCustomizer@1f08be5e, org.springframework.boot.test.json.DuplicateJsonObjectContextCustomizerFactory$DuplicateJsonObjectContextCustomizer@29875c90, org.springframework.boot.test.mock.mockito.MockitoContextCustomizer@0, org.springframework.boot.test.web.client.TestRestTemplateContextCustomizer@713587f2], resourceBasePath = 'src/main/webapp', contextLoader = 'org.springframework.boot.test.context.SpringBootContextLoader', parent = [null]], attributes = map['org.springframework.test.context.web.ServletTestExecutionListener.activateListener' -> true, 'org.springframework.test.context.web.ServletTestExecutionListener.populatedRequestContextHolder' -> true, 'org.springframework.test.context.web.ServletTestExecutionListener.resetRequestContextHolder' -> true]]; transaction manager [org.springframework.orm.jpa.JpaTransactionManager@27ab2548]; rollback [true]
2020-03-08 21:56:55.306 DEBUG 4227 --- [    Test worker] org.hibernate.SQL                        : insert into comments (created_date, modified_date, grade, product_id, review) values (?, ?, ?, ?, ?)
2020-03-08 21:56:55.308  INFO 4227 --- [    Test worker] p6spy                                    : #1583672215308 | took 1ms | statement | connection 7| url jdbc:mysql://localhost:3306/ticketing?serverTimezone=Asia/Seoul&characterEncoding=UTF-8
insert into comments (created_date, modified_date, grade, product_id, review) values (?, ?, ?, ?, ?)
insert into comments (created_date, modified_date, grade, product_id, review) values ('2020-03-08T21:56:55.305+0900', '2020-03-08T21:56:55.305+0900', 4, 1, '꿀잼');
2020-03-08 21:56:55.310 DEBUG 4227 --- [    Test worker] org.hibernate.SQL                        : insert into comments (created_date, modified_date, grade, product_id, review) values (?, ?, ?, ?, ?)
2020-03-08 21:56:55.311  INFO 4227 --- [    Test worker] p6spy                                    : #1583672215311 | took 0ms | statement | connection 7| url jdbc:mysql://localhost:3306/ticketing?serverTimezone=Asia/Seoul&characterEncoding=UTF-8
insert into comments (created_date, modified_date, grade, product_id, review) values (?, ?, ?, ?, ?)
insert into comments (created_date, modified_date, grade, product_id, review) values ('2020-03-08T21:56:55.309+0900', '2020-03-08T21:56:55.309+0900', 4, 1, '꿀잼');
2020-03-08 21:56:55.312 DEBUG 4227 --- [    Test worker] org.hibernate.SQL                        : insert into comments (created_date, modified_date, grade, product_id, review) values (?, ?, ?, ?, ?)
2020-03-08 21:56:55.314  INFO 4227 --- [    Test worker] p6spy                                    : #1583672215314 | took 0ms | statement | connection 7| url jdbc:mysql://localhost:3306/ticketing?serverTimezone=Asia/Seoul&characterEncoding=UTF-8
insert into comments (created_date, modified_date, grade, product_id, review) values (?, ?, ?, ?, ?)
insert into comments (created_date, modified_date, grade, product_id, review) values ('2020-03-08T21:56:55.312+0900', '2020-03-08T21:56:55.312+0900', 4, 1, '꿀잼');
2020-03-08 21:56:55.316 DEBUG 4227 --- [    Test worker] org.hibernate.SQL                        : insert into comments (created_date, modified_date, grade, product_id, review) values (?, ?, ?, ?, ?)
2020-03-08 21:56:55.317  INFO 4227 --- [    Test worker] p6spy                                    : #1583672215317 | took 0ms | statement | connection 7| url jdbc:mysql://localhost:3306/ticketing?serverTimezone=Asia/Seoul&characterEncoding=UTF-8
insert into comments (created_date, modified_date, grade, product_id, review) values (?, ?, ?, ?, ?)
insert into comments (created_date, modified_date, grade, product_id, review) values ('2020-03-08T21:56:55.315+0900', '2020-03-08T21:56:55.315+0900', 4, 1, '꿀잼');
2020-03-08 21:56:55.318 DEBUG 4227 --- [    Test worker] org.hibernate.SQL                        : insert into comments (created_date, modified_date, grade, product_id, review) values (?, ?, ?, ?, ?)
2020-03-08 21:56:55.320  INFO 4227 --- [    Test worker] p6spy                                    : #1583672215320 | took 0ms | statement | connection 7| url jdbc:mysql://localhost:3306/ticketing?serverTimezone=Asia/Seoul&characterEncoding=UTF-8
insert into comments (created_date, modified_date, grade, product_id, review) values (?, ?, ?, ?, ?)
insert into comments (created_date, modified_date, grade, product_id, review) values ('2020-03-08T21:56:55.318+0900', '2020-03-08T21:56:55.318+0900', 4, 1, '꿀잼');
2020-03-08 21:56:55.321 DEBUG 4227 --- [    Test worker] org.hibernate.SQL                        : insert into comments (created_date, modified_date, grade, product_id, review) values (?, ?, ?, ?, ?)
2020-03-08 21:56:55.322  INFO 4227 --- [    Test worker] p6spy                                    : #1583672215322 | took 0ms | statement | connection 7| url jdbc:mysql://localhost:3306/ticketing?serverTimezone=Asia/Seoul&characterEncoding=UTF-8
insert into comments (created_date, modified_date, grade, product_id, review) values (?, ?, ?, ?, ?)
insert into comments (created_date, modified_date, grade, product_id, review) values ('2020-03-08T21:56:55.321+0900', '2020-03-08T21:56:55.321+0900', 4, 1, '꿀잼');
2020-03-08 21:56:55.324 DEBUG 4227 --- [    Test worker] org.hibernate.SQL                        : insert into comments (created_date, modified_date, grade, product_id, review) values (?, ?, ?, ?, ?)
2020-03-08 21:56:55.326  INFO 4227 --- [    Test worker] p6spy                                    : #1583672215326 | took 0ms | statement | connection 7| url jdbc:mysql://localhost:3306/ticketing?serverTimezone=Asia/Seoul&characterEncoding=UTF-8
insert into comments (created_date, modified_date, grade, product_id, review) values (?, ?, ?, ?, ?)
insert into comments (created_date, modified_date, grade, product_id, review) values ('2020-03-08T21:56:55.324+0900', '2020-03-08T21:56:55.324+0900', 4, 1, '꿀잼');
2020-03-08 21:56:55.327 DEBUG 4227 --- [    Test worker] org.hibernate.SQL                        : insert into comments (created_date, modified_date, grade, product_id, review) values (?, ?, ?, ?, ?)
2020-03-08 21:56:55.330  INFO 4227 --- [    Test worker] p6spy                                    : #1583672215330 | took 1ms | statement | connection 7| url jdbc:mysql://localhost:3306/ticketing?serverTimezone=Asia/Seoul&characterEncoding=UTF-8
insert into comments (created_date, modified_date, grade, product_id, review) values (?, ?, ?, ?, ?)
insert into comments (created_date, modified_date, grade, product_id, review) values ('2020-03-08T21:56:55.327+0900', '2020-03-08T21:56:55.327+0900', 4, 1, '꿀잼');
2020-03-08 21:56:55.332 DEBUG 4227 --- [    Test worker] org.hibernate.SQL                        : insert into comments (created_date, modified_date, grade, product_id, review) values (?, ?, ?, ?, ?)
2020-03-08 21:56:55.334  INFO 4227 --- [    Test worker] p6spy                                    : #1583672215334 | took 1ms | statement | connection 7| url jdbc:mysql://localhost:3306/ticketing?serverTimezone=Asia/Seoul&characterEncoding=UTF-8
insert into comments (created_date, modified_date, grade, product_id, review) values (?, ?, ?, ?, ?)
insert into comments (created_date, modified_date, grade, product_id, review) values ('2020-03-08T21:56:55.331+0900', '2020-03-08T21:56:55.331+0900', 4, 1, '꿀잼');
2020-03-08 21:56:55.336 DEBUG 4227 --- [    Test worker] org.hibernate.SQL                        : insert into comments (created_date, modified_date, grade, product_id, review) values (?, ?, ?, ?, ?)
2020-03-08 21:56:55.340  INFO 4227 --- [    Test worker] p6spy                                    : #1583672215340 | took 3ms | statement | connection 7| url jdbc:mysql://localhost:3306/ticketing?serverTimezone=Asia/Seoul&characterEncoding=UTF-8
insert into comments (created_date, modified_date, grade, product_id, review) values (?, ?, ?, ?, ?)
insert into comments (created_date, modified_date, grade, product_id, review) values ('2020-03-08T21:56:55.336+0900', '2020-03-08T21:56:55.336+0900', 4, 1, '꿀잼');
2020-03-08 21:56:55.341 DEBUG 4227 --- [    Test worker] org.hibernate.SQL                        : insert into comments (created_date, modified_date, grade, product_id, review) values (?, ?, ?, ?, ?)
2020-03-08 21:56:55.347  INFO 4227 --- [    Test worker] p6spy                                    : #1583672215347 | took 5ms | statement | connection 7| url jdbc:mysql://localhost:3306/ticketing?serverTimezone=Asia/Seoul&characterEncoding=UTF-8
insert into comments (created_date, modified_date, grade, product_id, review) values (?, ?, ?, ?, ?)
insert into comments (created_date, modified_date, grade, product_id, review) values ('2020-03-08T21:56:55.341+0900', '2020-03-08T21:56:55.341+0900', 2, 1, '꿀잼');
2020-03-08 21:56:55.349 DEBUG 4227 --- [    Test worker] org.hibernate.SQL                        : insert into comments (created_date, modified_date, grade, product_id, review) values (?, ?, ?, ?, ?)
2020-03-08 21:56:55.352  INFO 4227 --- [    Test worker] p6spy                                    : #1583672215352 | took 2ms | statement | connection 7| url jdbc:mysql://localhost:3306/ticketing?serverTimezone=Asia/Seoul&characterEncoding=UTF-8
insert into comments (created_date, modified_date, grade, product_id, review) values (?, ?, ?, ?, ?)
insert into comments (created_date, modified_date, grade, product_id, review) values ('2020-03-08T21:56:55.349+0900', '2020-03-08T21:56:55.349+0900', 2, 1, '꿀잼');
2020-03-08 21:56:55.354 DEBUG 4227 --- [    Test worker] org.hibernate.SQL                        : insert into comments (created_date, modified_date, grade, product_id, review) values (?, ?, ?, ?, ?)
2020-03-08 21:56:55.358  INFO 4227 --- [    Test worker] p6spy                                    : #1583672215358 | took 3ms | statement | connection 7| url jdbc:mysql://localhost:3306/ticketing?serverTimezone=Asia/Seoul&characterEncoding=UTF-8
insert into comments (created_date, modified_date, grade, product_id, review) values (?, ?, ?, ?, ?)
insert into comments (created_date, modified_date, grade, product_id, review) values ('2020-03-08T21:56:55.353+0900', '2020-03-08T21:56:55.353+0900', 2, 1, '꿀잼');
2020-03-08 21:56:55.361 DEBUG 4227 --- [    Test worker] org.hibernate.SQL                        : insert into comments (created_date, modified_date, grade, product_id, review) values (?, ?, ?, ?, ?)
2020-03-08 21:56:55.363  INFO 4227 --- [    Test worker] p6spy                                    : #1583672215363 | took 1ms | statement | connection 7| url jdbc:mysql://localhost:3306/ticketing?serverTimezone=Asia/Seoul&characterEncoding=UTF-8
insert into comments (created_date, modified_date, grade, product_id, review) values (?, ?, ?, ?, ?)
insert into comments (created_date, modified_date, grade, product_id, review) values ('2020-03-08T21:56:55.361+0900', '2020-03-08T21:56:55.361+0900', 2, 1, '꿀잼');
2020-03-08 21:56:55.365 DEBUG 4227 --- [    Test worker] org.hibernate.SQL                        : insert into comments (created_date, modified_date, grade, product_id, review) values (?, ?, ?, ?, ?)
2020-03-08 21:56:55.368  INFO 4227 --- [    Test worker] p6spy                                    : #1583672215368 | took 1ms | statement | connection 7| url jdbc:mysql://localhost:3306/ticketing?serverTimezone=Asia/Seoul&characterEncoding=UTF-8
insert into comments (created_date, modified_date, grade, product_id, review) values (?, ?, ?, ?, ?)
insert into comments (created_date, modified_date, grade, product_id, review) values ('2020-03-08T21:56:55.365+0900', '2020-03-08T21:56:55.365+0900', 2, 1, '꿀잼');
2020-03-08 21:56:55.369 DEBUG 4227 --- [    Test worker] org.hibernate.SQL                        : insert into comments (created_date, modified_date, grade, product_id, review) values (?, ?, ?, ?, ?)
2020-03-08 21:56:55.371  INFO 4227 --- [    Test worker] p6spy                                    : #1583672215371 | took 0ms | statement | connection 7| url jdbc:mysql://localhost:3306/ticketing?serverTimezone=Asia/Seoul&characterEncoding=UTF-8
insert into comments (created_date, modified_date, grade, product_id, review) values (?, ?, ?, ?, ?)
insert into comments (created_date, modified_date, grade, product_id, review) values ('2020-03-08T21:56:55.369+0900', '2020-03-08T21:56:55.369+0900', 2, 1, '꿀잼');
2020-03-08 21:56:55.372 DEBUG 4227 --- [    Test worker] org.hibernate.SQL                        : insert into comments (created_date, modified_date, grade, product_id, review) values (?, ?, ?, ?, ?)
2020-03-08 21:56:55.375  INFO 4227 --- [    Test worker] p6spy                                    : #1583672215375 | took 1ms | statement | connection 7| url jdbc:mysql://localhost:3306/ticketing?serverTimezone=Asia/Seoul&characterEncoding=UTF-8
insert into comments (created_date, modified_date, grade, product_id, review) values (?, ?, ?, ?, ?)
insert into comments (created_date, modified_date, grade, product_id, review) values ('2020-03-08T21:56:55.372+0900', '2020-03-08T21:56:55.372+0900', 2, 1, '꿀잼');
2020-03-08 21:56:55.376 DEBUG 4227 --- [    Test worker] org.hibernate.SQL                        : insert into comments (created_date, modified_date, grade, product_id, review) values (?, ?, ?, ?, ?)
2020-03-08 21:56:55.381  INFO 4227 --- [    Test worker] p6spy                                    : #1583672215381 | took 2ms | statement | connection 7| url jdbc:mysql://localhost:3306/ticketing?serverTimezone=Asia/Seoul&characterEncoding=UTF-8
insert into comments (created_date, modified_date, grade, product_id, review) values (?, ?, ?, ?, ?)
insert into comments (created_date, modified_date, grade, product_id, review) values ('2020-03-08T21:56:55.376+0900', '2020-03-08T21:56:55.376+0900', 2, 1, '꿀잼');
2020-03-08 21:56:55.383 DEBUG 4227 --- [    Test worker] org.hibernate.SQL                        : insert into comments (created_date, modified_date, grade, product_id, review) values (?, ?, ?, ?, ?)
2020-03-08 21:56:55.386  INFO 4227 --- [    Test worker] p6spy                                    : #1583672215386 | took 1ms | statement | connection 7| url jdbc:mysql://localhost:3306/ticketing?serverTimezone=Asia/Seoul&characterEncoding=UTF-8
insert into comments (created_date, modified_date, grade, product_id, review) values (?, ?, ?, ?, ?)
insert into comments (created_date, modified_date, grade, product_id, review) values ('2020-03-08T21:56:55.383+0900', '2020-03-08T21:56:55.383+0900', 2, 1, '꿀잼');
2020-03-08 21:56:55.392 DEBUG 4227 --- [    Test worker] org.hibernate.SQL                        : insert into comments (created_date, modified_date, grade, product_id, review) values (?, ?, ?, ?, ?)
2020-03-08 21:56:55.396  INFO 4227 --- [    Test worker] p6spy                                    : #1583672215396 | took 2ms | statement | connection 7| url jdbc:mysql://localhost:3306/ticketing?serverTimezone=Asia/Seoul&characterEncoding=UTF-8
insert into comments (created_date, modified_date, grade, product_id, review) values (?, ?, ?, ?, ?)
insert into comments (created_date, modified_date, grade, product_id, review) values ('2020-03-08T21:56:55.391+0900', '2020-03-08T21:56:55.391+0900', 2, 1, '꿀잼');
2020-03-08 21:56:55.572  INFO 4227 --- [    Test worker] o.h.h.i.QueryTranslatorFactoryInitiator  : HHH000397: Using ASTQueryTranslatorFactory
2020-03-08 21:56:55.720 DEBUG 4227 --- [    Test worker] org.hibernate.SQL                        : select avg(comment0_.grade) as col_0_0_ from comments comment0_ where comment0_.product_id=?
2020-03-08 21:56:55.728  INFO 4227 --- [    Test worker] p6spy                                    : #1583672215728 | took 5ms | statement | connection 7| url jdbc:mysql://localhost:3306/ticketing?serverTimezone=Asia/Seoul&characterEncoding=UTF-8
select avg(comment0_.grade) as col_0_0_ from comments comment0_ where comment0_.product_id=?
select avg(comment0_.grade) as col_0_0_ from comments comment0_ where comment0_.product_id=1;

3.0
2020-03-08 21:56:55.808 DEBUG 4227 --- [    Test worker] org.hibernate.SQL                        : select comment0_.id as id1_1_, comment0_.created_date as created_2_1_, comment0_.modified_date as modified3_1_, comment0_.grade as grade4_1_, comment0_.product_id as product_5_1_, comment0_.review as review6_1_ from comments comment0_
2020-03-08 21:56:55.810  INFO 4227 --- [    Test worker] p6spy                                    : #1583672215810 | took 0ms | statement | connection 7| url jdbc:mysql://localhost:3306/ticketing?serverTimezone=Asia/Seoul&characterEncoding=UTF-8
select comment0_.id as id1_1_, comment0_.created_date as created_2_1_, comment0_.modified_date as modified3_1_, comment0_.grade as grade4_1_, comment0_.product_id as product_5_1_, comment0_.review as review6_1_ from comments comment0_
select comment0_.id as id1_1_, comment0_.created_date as created_2_1_, comment0_.modified_date as modified3_1_, comment0_.grade as grade4_1_, comment0_.product_id as product_5_1_, comment0_.review as review6_1_ from comments comment0_;
2020-03-08 21:56:55.870  INFO 4227 --- [    Test worker] p6spy                                    : #1583672215870 | took 28ms | rollback | connection 7| url jdbc:mysql://localhost:3306/ticketing?serverTimezone=Asia/Seoul&characterEncoding=UTF-8

;
2020-03-08 21:56:55.873  INFO 4227 --- [    Test worker] o.s.t.c.transaction.TransactionContext   : Rolled back transaction for test: [DefaultTestContext@5f4d9bc9 testClass = CommentRepositoryTest, testInstance = kr.team.ticketing.core.domain.comment.CommentRepositoryTest@6367619b, testMethod = avgTest@CommentRepositoryTest, testException = [null], mergedContextConfiguration = [WebMergedContextConfiguration@2b0afc3a testClass = CommentRepositoryTest, locations = '{}', classes = '{class kr.team.ticketing.Application}', contextInitializerClasses = '[]', activeProfiles = '{}', propertySourceLocations = '{}', propertySourceProperties = '{org.springframework.boot.test.context.SpringBootTestContextBootstrapper=true}', contextCustomizers = set[org.springframework.boot.test.autoconfigure.properties.PropertyMappingContextCustomizer@0, org.springframework.boot.test.autoconfigure.web.servlet.WebDriverContextCustomizerFactory$Customizer@10ee3c6d, org.springframework.boot.test.context.filter.ExcludeFilterContextCustomizer@1f08be5e, org.springframework.boot.test.json.DuplicateJsonObjectContextCustomizerFactory$DuplicateJsonObjectContextCustomizer@29875c90, org.springframework.boot.test.mock.mockito.MockitoContextCustomizer@0, org.springframework.boot.test.web.client.TestRestTemplateContextCustomizer@713587f2], resourceBasePath = 'src/main/webapp', contextLoader = 'org.springframework.boot.test.context.SpringBootContextLoader', parent = [null]], attributes = map['org.springframework.test.context.web.ServletTestExecutionListener.activateListener' -> true, 'org.springframework.test.context.web.ServletTestExecutionListener.populatedRequestContextHolder' -> true, 'org.springframework.test.context.web.ServletTestExecutionListener.resetRequestContextHolder' -> true]]
]]></system-out>
  <system-err><![CDATA[]]></system-err>
</testsuite>
